[2024-07-25 15:38:56Z INFO HostContext] No proxy settings were found based on environmental variables (http_proxy/https_proxy/HTTP_PROXY/HTTPS_PROXY)
[2024-07-25 15:38:56Z INFO HostContext] Well known directory 'Bin': 'D:\HEALTHY\Healthy_github_website\actions-runner\bin'
[2024-07-25 15:38:56Z INFO HostContext] Well known directory 'Root': 'D:\HEALTHY\Healthy_github_website\actions-runner'
[2024-07-25 15:38:56Z INFO HostContext] Well known config file 'Credentials': 'D:\HEALTHY\Healthy_github_website\actions-runner\.credentials'
[2024-07-25 15:38:56Z INFO HostContext] Well known directory 'Bin': 'D:\HEALTHY\Healthy_github_website\actions-runner\bin'
[2024-07-25 15:38:56Z INFO HostContext] Well known directory 'Root': 'D:\HEALTHY\Healthy_github_website\actions-runner'
[2024-07-25 15:38:56Z INFO HostContext] Well known config file 'Runner': 'D:\HEALTHY\Healthy_github_website\actions-runner\.runner'
[2024-07-25 15:38:56Z INFO Listener] Runner is built for Windows (X64) - win-x64.
[2024-07-25 15:38:56Z INFO Listener] RuntimeInformation: Microsoft Windows 10.0.19043.
[2024-07-25 15:38:56Z INFO Listener] Version: 2.317.0
[2024-07-25 15:38:56Z INFO Listener] Commit: 6dc005ee3690a0303e0d7269b6f60295d22dcfad
[2024-07-25 15:38:56Z INFO Listener] Culture: es-ES
[2024-07-25 15:38:56Z INFO Listener] UI Culture: es-ES
[2024-07-25 15:38:56Z INFO HostContext] Well known directory 'Bin': 'D:\HEALTHY\Healthy_github_website\actions-runner\bin'
[2024-07-25 15:38:56Z INFO HostContext] Well known directory 'Root': 'D:\HEALTHY\Healthy_github_website\actions-runner'
[2024-07-25 15:38:56Z INFO Listener] Validating directory permissions for: 'D:\HEALTHY\Healthy_github_website\actions-runner'
[2024-07-25 15:38:56Z INFO CommandLineParser] Parse
[2024-07-25 15:38:56Z INFO CommandLineParser] Parsing 5 args
[2024-07-25 15:38:56Z INFO CommandLineParser] parsing argument
[2024-07-25 15:38:56Z INFO CommandLineParser] HasArgs: False
[2024-07-25 15:38:56Z INFO CommandLineParser] Adding Command: configure
[2024-07-25 15:38:56Z INFO CommandLineParser] parsing argument
[2024-07-25 15:38:56Z INFO CommandLineParser] HasArgs: True
[2024-07-25 15:38:56Z INFO CommandLineParser] arg: url
[2024-07-25 15:38:56Z INFO CommandLineParser] parsing argument
[2024-07-25 15:38:56Z INFO CommandLineParser] HasArgs: True
[2024-07-25 15:38:56Z INFO CommandLineParser] Adding option 'url': 'https://github.com/Healthy-Website'
[2024-07-25 15:38:56Z INFO CommandLineParser] parsing argument
[2024-07-25 15:38:56Z INFO CommandLineParser] HasArgs: True
[2024-07-25 15:38:56Z INFO CommandLineParser] arg: token
[2024-07-25 15:38:56Z INFO CommandLineParser] parsing argument
[2024-07-25 15:38:56Z INFO CommandLineParser] HasArgs: True
[2024-07-25 15:38:56Z INFO CommandLineParser] Adding option 'token': '***'
[2024-07-25 15:38:56Z INFO Listener] Arguments parsed
[2024-07-25 15:38:56Z INFO Runner] ExecuteCommand
[2024-07-25 15:38:56Z INFO ConfigurationStore] currentAssemblyLocation: D:\HEALTHY\Healthy_github_website\actions-runner\bin\Runner.Listener.dll
[2024-07-25 15:38:56Z INFO HostContext] Well known directory 'Bin': 'D:\HEALTHY\Healthy_github_website\actions-runner\bin'
[2024-07-25 15:38:56Z INFO ConfigurationStore] binPath: D:\HEALTHY\Healthy_github_website\actions-runner\bin
[2024-07-25 15:38:56Z INFO HostContext] Well known directory 'Bin': 'D:\HEALTHY\Healthy_github_website\actions-runner\bin'
[2024-07-25 15:38:56Z INFO HostContext] Well known directory 'Root': 'D:\HEALTHY\Healthy_github_website\actions-runner'
[2024-07-25 15:38:56Z INFO ConfigurationStore] RootFolder: D:\HEALTHY\Healthy_github_website\actions-runner
[2024-07-25 15:38:56Z INFO HostContext] Well known directory 'Bin': 'D:\HEALTHY\Healthy_github_website\actions-runner\bin'
[2024-07-25 15:38:56Z INFO HostContext] Well known directory 'Root': 'D:\HEALTHY\Healthy_github_website\actions-runner'
[2024-07-25 15:38:56Z INFO HostContext] Well known config file 'Runner': 'D:\HEALTHY\Healthy_github_website\actions-runner\.runner'
[2024-07-25 15:38:56Z INFO ConfigurationStore] ConfigFilePath: D:\HEALTHY\Healthy_github_website\actions-runner\.runner
[2024-07-25 15:38:56Z INFO HostContext] Well known directory 'Bin': 'D:\HEALTHY\Healthy_github_website\actions-runner\bin'
[2024-07-25 15:38:56Z INFO HostContext] Well known directory 'Root': 'D:\HEALTHY\Healthy_github_website\actions-runner'
[2024-07-25 15:38:56Z INFO HostContext] Well known config file 'Credentials': 'D:\HEALTHY\Healthy_github_website\actions-runner\.credentials'
[2024-07-25 15:38:56Z INFO ConfigurationStore] CredFilePath: D:\HEALTHY\Healthy_github_website\actions-runner\.credentials
[2024-07-25 15:38:56Z INFO HostContext] Well known directory 'Bin': 'D:\HEALTHY\Healthy_github_website\actions-runner\bin'
[2024-07-25 15:38:56Z INFO HostContext] Well known directory 'Root': 'D:\HEALTHY\Healthy_github_website\actions-runner'
[2024-07-25 15:38:56Z INFO HostContext] Well known config file 'MigratedCredentials': 'D:\HEALTHY\Healthy_github_website\actions-runner\.credentials_migrated'
[2024-07-25 15:38:56Z INFO ConfigurationStore] MigratedCredFilePath: D:\HEALTHY\Healthy_github_website\actions-runner\.credentials_migrated
[2024-07-25 15:38:56Z INFO HostContext] Well known directory 'Bin': 'D:\HEALTHY\Healthy_github_website\actions-runner\bin'
[2024-07-25 15:38:56Z INFO HostContext] Well known directory 'Root': 'D:\HEALTHY\Healthy_github_website\actions-runner'
[2024-07-25 15:38:56Z INFO HostContext] Well known config file 'Service': 'D:\HEALTHY\Healthy_github_website\actions-runner\.service'
[2024-07-25 15:38:56Z INFO ConfigurationStore] ServiceConfigFilePath: D:\HEALTHY\Healthy_github_website\actions-runner\.service
[2024-07-25 15:38:56Z INFO CommandSettings] Flag 'help': 'False'
[2024-07-25 15:38:56Z INFO CommandSettings] Flag 'version': 'False'
[2024-07-25 15:38:56Z INFO CommandSettings] Flag 'commit': 'False'
[2024-07-25 15:38:56Z INFO CommandSettings] Flag 'check': 'False'
[2024-07-25 15:38:56Z INFO CommandSettings] Command 'configure': 'True'
[2024-07-25 15:38:56Z INFO Terminal] WRITE LINE: 
[2024-07-25 15:38:56Z INFO Terminal] WRITE LINE: --------------------------------------------------------------------------------
[2024-07-25 15:38:56Z INFO Terminal] WRITE LINE: |        ____ _ _   _   _       _          _        _   _                      |
[2024-07-25 15:38:56Z INFO Terminal] WRITE LINE: |       / ___(_) |_| | | |_   _| |__      / \   ___| |_(_) ___  _ __  ___      |
[2024-07-25 15:38:56Z INFO Terminal] WRITE LINE: |      | |  _| | __| |_| | | | | '_ \    / _ \ / __| __| |/ _ \| '_ \/ __|     |
[2024-07-25 15:38:56Z INFO Terminal] WRITE LINE: |      | |_| | | |_|  _  | |_| | |_) |  / ___ \ (__| |_| | (_) | | | \__ \     |
[2024-07-25 15:38:56Z INFO Terminal] WRITE LINE: |       \____|_|\__|_| |_|\__,_|_.__/  /_/   \_\___|\__|_|\___/|_| |_|___/     |
[2024-07-25 15:38:56Z INFO Terminal] WRITE LINE: |                                                                              |
[2024-07-25 15:38:56Z INFO Terminal] WRITE: |                       
[2024-07-25 15:38:56Z INFO Terminal] WRITE: Self-hosted runner registration
[2024-07-25 15:38:56Z INFO Terminal] WRITE LINE:                         |
[2024-07-25 15:38:56Z INFO Terminal] WRITE LINE: |                                                                              |
[2024-07-25 15:38:56Z INFO Terminal] WRITE LINE: --------------------------------------------------------------------------------
[2024-07-25 15:38:56Z INFO ConfigurationManager] ConfigureAsync
[2024-07-25 15:38:56Z INFO CommandSettings] Flag 'generateServiceConfig': 'False'
[2024-07-25 15:38:56Z INFO ConfigurationStore] IsConfigured()
[2024-07-25 15:38:56Z INFO ConfigurationStore] IsConfigured: False
[2024-07-25 15:38:56Z INFO ConfigurationManager] Is configured: False
[2024-07-25 15:38:56Z INFO CommandSettings] Arg 'url': 'https://github.com/Healthy-Website'
[2024-07-25 15:38:56Z INFO CommandSettings] Remove url from Arg dictionary.
[2024-07-25 15:38:56Z INFO CommandSettings] Arg 'token': '***'
[2024-07-25 15:38:56Z INFO CommandSettings] Remove token from Arg dictionary.
[2024-07-25 15:38:57Z INFO ConfigurationManager] Http response code: OK from 'POST https://api.github.com/actions/runner-registration' (3DC5:F6715:14BE20A:1537E94:66A27190)
[2024-07-25 15:38:57Z INFO ConfigurationManager] Using V2 flow: False
[2024-07-25 15:38:57Z INFO ConfigurationManager] cred retrieved via GitHub auth
[2024-07-25 15:38:57Z INFO RunnerServer] EstablishVssConnection
[2024-07-25 15:38:57Z INFO RunnerServer] Establish connection with 100 seconds timeout.
[2024-07-25 15:38:57Z INFO GitHubActionsService] Starting operation Location.GetConnectionData
[2024-07-25 15:38:57Z INFO RunnerServer] EstablishVssConnection
[2024-07-25 15:38:57Z INFO RunnerServer] Establish connection with 60 seconds timeout.
[2024-07-25 15:38:57Z INFO GitHubActionsService] Starting operation Location.GetConnectionData
[2024-07-25 15:38:57Z INFO RunnerServer] EstablishVssConnection
[2024-07-25 15:38:57Z INFO RunnerServer] Establish connection with 60 seconds timeout.
[2024-07-25 15:38:57Z INFO GitHubActionsService] Starting operation Location.GetConnectionData
[2024-07-25 15:38:58Z INFO GitHubActionsService] Finished operation Location.GetConnectionData
[2024-07-25 15:38:58Z INFO GitHubActionsService] Finished operation Location.GetConnectionData
[2024-07-25 15:38:58Z INFO GitHubActionsService] Finished operation Location.GetConnectionData
[2024-07-25 15:38:58Z INFO Terminal] WRITE LINE: 
[2024-07-25 15:38:58Z INFO ConfigurationManager] Test Connection complete.
[2024-07-25 15:38:58Z INFO HostContext] Well known directory 'Bin': 'D:\HEALTHY\Healthy_github_website\actions-runner\bin'
[2024-07-25 15:38:58Z INFO HostContext] Well known directory 'Root': 'D:\HEALTHY\Healthy_github_website\actions-runner'
[2024-07-25 15:38:58Z INFO HostContext] Well known config file 'RSACredentials': 'D:\HEALTHY\Healthy_github_website\actions-runner\.credentials_rsaparams'
[2024-07-25 15:38:58Z INFO RSAEncryptedFileKeyManager] Creating new RSA key using 2048-bit key length
[2024-07-25 15:38:59Z INFO RSAEncryptedFileKeyManager] Successfully saved RSA key parameters to file D:\HEALTHY\Healthy_github_website\actions-runner\.credentials_rsaparams
[2024-07-25 15:38:59Z INFO CommandSettings] Arg 'runnergroup': ''
[2024-07-25 15:38:59Z INFO CommandSettings] Flag 'unattended': 'False'
[2024-07-25 15:38:59Z INFO PromptManager] ReadValue
[2024-07-25 15:38:59Z INFO Terminal] WRITE: Enter the name of the runner group to add this runner to: 
[2024-07-25 15:38:59Z INFO Terminal] WRITE: [press Enter for Default] 
[2024-07-25 15:38:59Z INFO Terminal] READ LINE
[2024-07-25 15:39:28Z INFO Terminal] Read value: './run.cmd'
[2024-07-25 15:39:28Z INFO Terminal] WRITE LINE: 
[2024-07-25 15:39:28Z ERR  Runner] GitHub.DistributedTask.WebApi.TaskAgentPoolNotFoundException: Could not find any self-hosted runner group named "./run.cmd".
   at GitHub.Runner.Listener.Configuration.ConfigurationManager.ConfigureAsync(CommandSettings command)
   at GitHub.Runner.Listener.Runner.ExecuteCommand(CommandSettings command)
[2024-07-25 15:39:28Z ERR  Terminal] WRITE ERROR: Could not find any self-hosted runner group named "./run.cmd".
[2024-07-25 15:39:28Z INFO Listener] Runner execution has finished with return code 1
