[2024-07-25 15:57:51Z INFO HostContext] No proxy settings were found based on environmental variables (http_proxy/https_proxy/HTTP_PROXY/HTTPS_PROXY)
[2024-07-25 15:57:51Z INFO HostContext] Well known directory 'Bin': 'D:\HEALTHY\Healthy_github_website\actions-runner\bin'
[2024-07-25 15:57:51Z INFO HostContext] Well known directory 'Root': 'D:\HEALTHY\Healthy_github_website\actions-runner'
[2024-07-25 15:57:51Z INFO HostContext] Well known config file 'Credentials': 'D:\HEALTHY\Healthy_github_website\actions-runner\.credentials'
[2024-07-25 15:57:51Z INFO HostContext] Well known directory 'Bin': 'D:\HEALTHY\Healthy_github_website\actions-runner\bin'
[2024-07-25 15:57:51Z INFO HostContext] Well known directory 'Root': 'D:\HEALTHY\Healthy_github_website\actions-runner'
[2024-07-25 15:57:51Z INFO HostContext] Well known config file 'Runner': 'D:\HEALTHY\Healthy_github_website\actions-runner\.runner'
[2024-07-25 15:57:51Z INFO Listener] Runner is built for Windows (X64) - win-x64.
[2024-07-25 15:57:51Z INFO Listener] RuntimeInformation: Microsoft Windows 10.0.19043.
[2024-07-25 15:57:51Z INFO Listener] Version: 2.317.0
[2024-07-25 15:57:51Z INFO Listener] Commit: 6dc005ee3690a0303e0d7269b6f60295d22dcfad
[2024-07-25 15:57:51Z INFO Listener] Culture: es-ES
[2024-07-25 15:57:51Z INFO Listener] UI Culture: es-ES
[2024-07-25 15:57:51Z INFO HostContext] Well known directory 'Bin': 'D:\HEALTHY\Healthy_github_website\actions-runner\bin'
[2024-07-25 15:57:51Z INFO HostContext] Well known directory 'Root': 'D:\HEALTHY\Healthy_github_website\actions-runner'
[2024-07-25 15:57:51Z INFO Listener] Validating directory permissions for: 'D:\HEALTHY\Healthy_github_website\actions-runner'
[2024-07-25 15:57:51Z INFO CommandLineParser] Parse
[2024-07-25 15:57:51Z INFO CommandLineParser] Parsing 1 args
[2024-07-25 15:57:51Z INFO CommandLineParser] parsing argument
[2024-07-25 15:57:51Z INFO CommandLineParser] HasArgs: False
[2024-07-25 15:57:51Z INFO CommandLineParser] Adding Command: configure
[2024-07-25 15:57:51Z INFO Listener] Arguments parsed
[2024-07-25 15:57:51Z INFO Runner] ExecuteCommand
[2024-07-25 15:57:51Z INFO ConfigurationStore] currentAssemblyLocation: D:\HEALTHY\Healthy_github_website\actions-runner\bin\Runner.Listener.dll
[2024-07-25 15:57:51Z INFO HostContext] Well known directory 'Bin': 'D:\HEALTHY\Healthy_github_website\actions-runner\bin'
[2024-07-25 15:57:51Z INFO ConfigurationStore] binPath: D:\HEALTHY\Healthy_github_website\actions-runner\bin
[2024-07-25 15:57:51Z INFO HostContext] Well known directory 'Bin': 'D:\HEALTHY\Healthy_github_website\actions-runner\bin'
[2024-07-25 15:57:51Z INFO HostContext] Well known directory 'Root': 'D:\HEALTHY\Healthy_github_website\actions-runner'
[2024-07-25 15:57:51Z INFO ConfigurationStore] RootFolder: D:\HEALTHY\Healthy_github_website\actions-runner
[2024-07-25 15:57:51Z INFO HostContext] Well known directory 'Bin': 'D:\HEALTHY\Healthy_github_website\actions-runner\bin'
[2024-07-25 15:57:51Z INFO HostContext] Well known directory 'Root': 'D:\HEALTHY\Healthy_github_website\actions-runner'
[2024-07-25 15:57:51Z INFO HostContext] Well known config file 'Runner': 'D:\HEALTHY\Healthy_github_website\actions-runner\.runner'
[2024-07-25 15:57:51Z INFO ConfigurationStore] ConfigFilePath: D:\HEALTHY\Healthy_github_website\actions-runner\.runner
[2024-07-25 15:57:51Z INFO HostContext] Well known directory 'Bin': 'D:\HEALTHY\Healthy_github_website\actions-runner\bin'
[2024-07-25 15:57:51Z INFO HostContext] Well known directory 'Root': 'D:\HEALTHY\Healthy_github_website\actions-runner'
[2024-07-25 15:57:51Z INFO HostContext] Well known config file 'Credentials': 'D:\HEALTHY\Healthy_github_website\actions-runner\.credentials'
[2024-07-25 15:57:51Z INFO ConfigurationStore] CredFilePath: D:\HEALTHY\Healthy_github_website\actions-runner\.credentials
[2024-07-25 15:57:51Z INFO HostContext] Well known directory 'Bin': 'D:\HEALTHY\Healthy_github_website\actions-runner\bin'
[2024-07-25 15:57:51Z INFO HostContext] Well known directory 'Root': 'D:\HEALTHY\Healthy_github_website\actions-runner'
[2024-07-25 15:57:51Z INFO HostContext] Well known config file 'MigratedCredentials': 'D:\HEALTHY\Healthy_github_website\actions-runner\.credentials_migrated'
[2024-07-25 15:57:51Z INFO ConfigurationStore] MigratedCredFilePath: D:\HEALTHY\Healthy_github_website\actions-runner\.credentials_migrated
[2024-07-25 15:57:51Z INFO HostContext] Well known directory 'Bin': 'D:\HEALTHY\Healthy_github_website\actions-runner\bin'
[2024-07-25 15:57:51Z INFO HostContext] Well known directory 'Root': 'D:\HEALTHY\Healthy_github_website\actions-runner'
[2024-07-25 15:57:51Z INFO HostContext] Well known config file 'Service': 'D:\HEALTHY\Healthy_github_website\actions-runner\.service'
[2024-07-25 15:57:51Z INFO ConfigurationStore] ServiceConfigFilePath: D:\HEALTHY\Healthy_github_website\actions-runner\.service
[2024-07-25 15:57:51Z INFO CommandSettings] Flag 'help': 'False'
[2024-07-25 15:57:51Z INFO CommandSettings] Flag 'version': 'False'
[2024-07-25 15:57:51Z INFO CommandSettings] Flag 'commit': 'False'
[2024-07-25 15:57:51Z INFO CommandSettings] Flag 'check': 'False'
[2024-07-25 15:57:51Z INFO CommandSettings] Command 'configure': 'True'
[2024-07-25 15:57:51Z INFO Terminal] WRITE LINE: 
[2024-07-25 15:57:51Z INFO Terminal] WRITE LINE: --------------------------------------------------------------------------------
[2024-07-25 15:57:51Z INFO Terminal] WRITE LINE: |        ____ _ _   _   _       _          _        _   _                      |
[2024-07-25 15:57:51Z INFO Terminal] WRITE LINE: |       / ___(_) |_| | | |_   _| |__      / \   ___| |_(_) ___  _ __  ___      |
[2024-07-25 15:57:51Z INFO Terminal] WRITE LINE: |      | |  _| | __| |_| | | | | '_ \    / _ \ / __| __| |/ _ \| '_ \/ __|     |
[2024-07-25 15:57:51Z INFO Terminal] WRITE LINE: |      | |_| | | |_|  _  | |_| | |_) |  / ___ \ (__| |_| | (_) | | | \__ \     |
[2024-07-25 15:57:51Z INFO Terminal] WRITE LINE: |       \____|_|\__|_| |_|\__,_|_.__/  /_/   \_\___|\__|_|\___/|_| |_|___/     |
[2024-07-25 15:57:51Z INFO Terminal] WRITE LINE: |                                                                              |
[2024-07-25 15:57:51Z INFO Terminal] WRITE: |                       
[2024-07-25 15:57:51Z INFO Terminal] WRITE: Self-hosted runner registration
[2024-07-25 15:57:51Z INFO Terminal] WRITE LINE:                         |
[2024-07-25 15:57:51Z INFO Terminal] WRITE LINE: |                                                                              |
[2024-07-25 15:57:51Z INFO Terminal] WRITE LINE: --------------------------------------------------------------------------------
[2024-07-25 15:57:51Z INFO ConfigurationManager] ConfigureAsync
[2024-07-25 15:57:51Z INFO CommandSettings] Flag 'generateServiceConfig': 'False'
[2024-07-25 15:57:51Z INFO ConfigurationStore] IsConfigured()
[2024-07-25 15:57:51Z INFO ConfigurationStore] IsConfigured: False
[2024-07-25 15:57:51Z INFO ConfigurationManager] Is configured: False
[2024-07-25 15:57:51Z INFO CommandSettings] Arg 'url': ''
[2024-07-25 15:57:51Z INFO CommandSettings] Flag 'unattended': 'False'
[2024-07-25 15:57:51Z INFO PromptManager] ReadValue
[2024-07-25 15:57:51Z INFO Terminal] WRITE: What is the URL of your repository? 
[2024-07-25 15:57:51Z INFO Terminal] READ LINE
[2024-07-25 15:59:01Z INFO Terminal] Read value: 'https://healthy-website.github.io/Healthy/'
[2024-07-25 15:59:01Z INFO CommandSettings] Arg 'token': ''
[2024-07-25 15:59:01Z INFO CommandSettings] Flag 'unattended': 'False'
[2024-07-25 15:59:01Z INFO PromptManager] ReadValue
[2024-07-25 15:59:01Z INFO Terminal] WRITE: What is your runner register token? 
[2024-07-25 15:59:01Z INFO Terminal] READ SECRET
[2024-07-25 16:02:33Z INFO Terminal] Read value: '***'
[2024-07-25 16:02:33Z ERR  Terminal] WRITE ERROR: Http response code: MethodNotAllowed from 'POST https://healthy-website.github.io/api/v3/actions/runner-registration' (Request Id: )
[2024-07-25 16:02:33Z ERR  Terminal] WRITE ERROR: <html>
<head><title>405 Not Allowed</title></head>
<body bgcolor="white">
<center><h1>405 Not Allowed</h1></center>
</body>
</html>
[2024-07-25 16:02:33Z ERR  ConfigurationManager] Failed to get tenant credentials -- Attempt: 1
[2024-07-25 16:02:33Z ERR  ConfigurationManager] System.Net.Http.HttpRequestException: Response status code does not indicate success: 405 (Method Not Allowed).
   at System.Net.Http.HttpResponseMessage.EnsureSuccessStatusCode()
   at GitHub.Runner.Listener.Configuration.ConfigurationManager.GetTenantCredential(String githubUrl, String githubToken, String runnerEvent)
[2024-07-25 16:02:33Z INFO ConfigurationManager] Retrying in 2 seconds
[2024-07-25 16:02:36Z ERR  Terminal] WRITE ERROR: Http response code: MethodNotAllowed from 'POST https://healthy-website.github.io/api/v3/actions/runner-registration' (Request Id: )
[2024-07-25 16:02:36Z ERR  Terminal] WRITE ERROR: <html>
<head><title>405 Not Allowed</title></head>
<body bgcolor="white">
<center><h1>405 Not Allowed</h1></center>
</body>
</html>
[2024-07-25 16:02:36Z ERR  ConfigurationManager] Failed to get tenant credentials -- Attempt: 2
[2024-07-25 16:02:36Z ERR  ConfigurationManager] System.Net.Http.HttpRequestException: Response status code does not indicate success: 405 (Method Not Allowed).
   at System.Net.Http.HttpResponseMessage.EnsureSuccessStatusCode()
   at GitHub.Runner.Listener.Configuration.ConfigurationManager.GetTenantCredential(String githubUrl, String githubToken, String runnerEvent)
[2024-07-25 16:02:36Z INFO ConfigurationManager] Retrying in 1 seconds
[2024-07-25 16:02:38Z ERR  Terminal] WRITE ERROR: Http response code: MethodNotAllowed from 'POST https://healthy-website.github.io/api/v3/actions/runner-registration' (Request Id: )
[2024-07-25 16:02:38Z ERR  Terminal] WRITE ERROR: <html>
<head><title>405 Not Allowed</title></head>
<body bgcolor="white">
<center><h1>405 Not Allowed</h1></center>
</body>
</html>
[2024-07-25 16:02:38Z ERR  Runner] System.Net.Http.HttpRequestException: Response status code does not indicate success: 405 (Method Not Allowed).
   at System.Net.Http.HttpResponseMessage.EnsureSuccessStatusCode()
   at GitHub.Runner.Listener.Configuration.ConfigurationManager.GetTenantCredential(String githubUrl, String githubToken, String runnerEvent)
   at GitHub.Runner.Listener.Configuration.ConfigurationManager.ConfigureAsync(CommandSettings command)
   at GitHub.Runner.Listener.Runner.ExecuteCommand(CommandSettings command)
[2024-07-25 16:02:38Z ERR  Terminal] WRITE ERROR: Response status code does not indicate success: 405 (Method Not Allowed).
[2024-07-25 16:02:38Z INFO Listener] Runner execution has finished with return code 1
