[2024-07-25 16:05:32Z INFO HostContext] No proxy settings were found based on environmental variables (http_proxy/https_proxy/HTTP_PROXY/HTTPS_PROXY)
[2024-07-25 16:05:32Z INFO HostContext] Well known directory 'Bin': 'D:\HEALTHY\Healthy_github_website\actions-runner\bin'
[2024-07-25 16:05:32Z INFO HostContext] Well known directory 'Root': 'D:\HEALTHY\Healthy_github_website\actions-runner'
[2024-07-25 16:05:32Z INFO HostContext] Well known config file 'Credentials': 'D:\HEALTHY\Healthy_github_website\actions-runner\.credentials'
[2024-07-25 16:05:32Z INFO HostContext] Well known directory 'Bin': 'D:\HEALTHY\Healthy_github_website\actions-runner\bin'
[2024-07-25 16:05:32Z INFO HostContext] Well known directory 'Root': 'D:\HEALTHY\Healthy_github_website\actions-runner'
[2024-07-25 16:05:32Z INFO HostContext] Well known config file 'Runner': 'D:\HEALTHY\Healthy_github_website\actions-runner\.runner'
[2024-07-25 16:05:32Z INFO Listener] Runner is built for Windows (X64) - win-x64.
[2024-07-25 16:05:32Z INFO Listener] RuntimeInformation: Microsoft Windows 10.0.19043.
[2024-07-25 16:05:32Z INFO Listener] Version: 2.317.0
[2024-07-25 16:05:32Z INFO Listener] Commit: 6dc005ee3690a0303e0d7269b6f60295d22dcfad
[2024-07-25 16:05:32Z INFO Listener] Culture: es-ES
[2024-07-25 16:05:32Z INFO Listener] UI Culture: es-ES
[2024-07-25 16:05:32Z INFO HostContext] Well known directory 'Bin': 'D:\HEALTHY\Healthy_github_website\actions-runner\bin'
[2024-07-25 16:05:32Z INFO HostContext] Well known directory 'Root': 'D:\HEALTHY\Healthy_github_website\actions-runner'
[2024-07-25 16:05:32Z INFO Listener] Validating directory permissions for: 'D:\HEALTHY\Healthy_github_website\actions-runner'
[2024-07-25 16:05:32Z INFO CommandLineParser] Parse
[2024-07-25 16:05:32Z INFO CommandLineParser] Parsing 1 args
[2024-07-25 16:05:32Z INFO CommandLineParser] parsing argument
[2024-07-25 16:05:32Z INFO CommandLineParser] HasArgs: False
[2024-07-25 16:05:32Z INFO CommandLineParser] Adding Command: remove
[2024-07-25 16:05:32Z INFO Listener] Arguments parsed
[2024-07-25 16:05:32Z INFO Runner] ExecuteCommand
[2024-07-25 16:05:32Z INFO ConfigurationStore] currentAssemblyLocation: D:\HEALTHY\Healthy_github_website\actions-runner\bin\Runner.Listener.dll
[2024-07-25 16:05:32Z INFO HostContext] Well known directory 'Bin': 'D:\HEALTHY\Healthy_github_website\actions-runner\bin'
[2024-07-25 16:05:32Z INFO ConfigurationStore] binPath: D:\HEALTHY\Healthy_github_website\actions-runner\bin
[2024-07-25 16:05:32Z INFO HostContext] Well known directory 'Bin': 'D:\HEALTHY\Healthy_github_website\actions-runner\bin'
[2024-07-25 16:05:32Z INFO HostContext] Well known directory 'Root': 'D:\HEALTHY\Healthy_github_website\actions-runner'
[2024-07-25 16:05:32Z INFO ConfigurationStore] RootFolder: D:\HEALTHY\Healthy_github_website\actions-runner
[2024-07-25 16:05:32Z INFO HostContext] Well known directory 'Bin': 'D:\HEALTHY\Healthy_github_website\actions-runner\bin'
[2024-07-25 16:05:32Z INFO HostContext] Well known directory 'Root': 'D:\HEALTHY\Healthy_github_website\actions-runner'
[2024-07-25 16:05:32Z INFO HostContext] Well known config file 'Runner': 'D:\HEALTHY\Healthy_github_website\actions-runner\.runner'
[2024-07-25 16:05:32Z INFO ConfigurationStore] ConfigFilePath: D:\HEALTHY\Healthy_github_website\actions-runner\.runner
[2024-07-25 16:05:32Z INFO HostContext] Well known directory 'Bin': 'D:\HEALTHY\Healthy_github_website\actions-runner\bin'
[2024-07-25 16:05:32Z INFO HostContext] Well known directory 'Root': 'D:\HEALTHY\Healthy_github_website\actions-runner'
[2024-07-25 16:05:32Z INFO HostContext] Well known config file 'Credentials': 'D:\HEALTHY\Healthy_github_website\actions-runner\.credentials'
[2024-07-25 16:05:32Z INFO ConfigurationStore] CredFilePath: D:\HEALTHY\Healthy_github_website\actions-runner\.credentials
[2024-07-25 16:05:32Z INFO HostContext] Well known directory 'Bin': 'D:\HEALTHY\Healthy_github_website\actions-runner\bin'
[2024-07-25 16:05:32Z INFO HostContext] Well known directory 'Root': 'D:\HEALTHY\Healthy_github_website\actions-runner'
[2024-07-25 16:05:32Z INFO HostContext] Well known config file 'MigratedCredentials': 'D:\HEALTHY\Healthy_github_website\actions-runner\.credentials_migrated'
[2024-07-25 16:05:32Z INFO ConfigurationStore] MigratedCredFilePath: D:\HEALTHY\Healthy_github_website\actions-runner\.credentials_migrated
[2024-07-25 16:05:32Z INFO HostContext] Well known directory 'Bin': 'D:\HEALTHY\Healthy_github_website\actions-runner\bin'
[2024-07-25 16:05:32Z INFO HostContext] Well known directory 'Root': 'D:\HEALTHY\Healthy_github_website\actions-runner'
[2024-07-25 16:05:32Z INFO HostContext] Well known config file 'Service': 'D:\HEALTHY\Healthy_github_website\actions-runner\.service'
[2024-07-25 16:05:32Z INFO ConfigurationStore] ServiceConfigFilePath: D:\HEALTHY\Healthy_github_website\actions-runner\.service
[2024-07-25 16:05:32Z INFO CommandSettings] Flag 'help': 'False'
[2024-07-25 16:05:32Z INFO CommandSettings] Flag 'version': 'False'
[2024-07-25 16:05:32Z INFO CommandSettings] Flag 'commit': 'False'
[2024-07-25 16:05:32Z INFO CommandSettings] Flag 'check': 'False'
[2024-07-25 16:05:32Z INFO CommandSettings] Command 'configure': 'False'
[2024-07-25 16:05:32Z INFO CommandSettings] Command 'remove': 'True'
[2024-07-25 16:05:32Z INFO CommandSettings] Flag 'local': 'False'
[2024-07-25 16:05:32Z INFO ConfigurationStore] IsServiceConfigured()
[2024-07-25 16:05:32Z INFO ConfigurationStore] IsServiceConfigured: False
[2024-07-25 16:05:32Z INFO ConfigurationStore] IsConfigured()
[2024-07-25 16:05:32Z INFO ConfigurationStore] IsConfigured: True
[2024-07-25 16:05:32Z INFO ConfigurationStore] HasCredentials()
[2024-07-25 16:05:32Z INFO ConfigurationStore] stored True
[2024-07-25 16:05:32Z INFO ConfigurationStore] Read setting file: 306 chars
[2024-07-25 16:05:32Z INFO CommandSettings] Arg 'token': ''
[2024-07-25 16:05:32Z INFO CommandSettings] Flag 'unattended': 'False'
[2024-07-25 16:05:32Z INFO PromptManager] ReadValue
[2024-07-25 16:05:32Z INFO Terminal] WRITE: Enter runner remove token: 
[2024-07-25 16:05:32Z INFO Terminal] READ SECRET
[2024-07-25 16:05:44Z INFO Terminal] Read value: '***'
[2024-07-25 16:05:45Z INFO ConfigurationManager] Http response code: OK from 'POST https://api.github.com/actions/runner-registration' (0AE5:F48A9:1555C12:15D1A15:66A277D8)
[2024-07-25 16:05:45Z INFO ConfigurationManager] cred retrieved via GitHub auth
[2024-07-25 16:05:45Z INFO RunnerServer] EstablishVssConnection
[2024-07-25 16:05:45Z INFO RunnerServer] Establish connection with 100 seconds timeout.
[2024-07-25 16:05:45Z INFO GitHubActionsService] Starting operation Location.GetConnectionData
[2024-07-25 16:05:45Z INFO RunnerServer] EstablishVssConnection
[2024-07-25 16:05:45Z INFO RunnerServer] Establish connection with 60 seconds timeout.
[2024-07-25 16:05:45Z INFO GitHubActionsService] Starting operation Location.GetConnectionData
[2024-07-25 16:05:45Z INFO RunnerServer] EstablishVssConnection
[2024-07-25 16:05:45Z INFO RunnerServer] Establish connection with 60 seconds timeout.
[2024-07-25 16:05:45Z INFO GitHubActionsService] Starting operation Location.GetConnectionData
[2024-07-25 16:05:46Z INFO GitHubActionsService] Finished operation Location.GetConnectionData
[2024-07-25 16:05:46Z INFO GitHubActionsService] Finished operation Location.GetConnectionData
[2024-07-25 16:05:46Z INFO GitHubActionsService] Finished operation Location.GetConnectionData
[2024-07-25 16:05:46Z INFO Terminal] WRITE LINE: 
[2024-07-25 16:05:46Z INFO ConfigurationStore] IsConfigured()
[2024-07-25 16:05:46Z INFO ConfigurationStore] IsConfigured: True
[2024-07-25 16:05:46Z INFO ConfigurationStore] HasCredentials()
[2024-07-25 16:05:46Z INFO ConfigurationStore] stored True
[2024-07-25 16:05:46Z INFO HostContext] Well known directory 'Bin': 'D:\HEALTHY\Healthy_github_website\actions-runner\bin'
[2024-07-25 16:05:46Z INFO HostContext] Well known directory 'Root': 'D:\HEALTHY\Healthy_github_website\actions-runner'
[2024-07-25 16:05:46Z INFO HostContext] Well known config file 'RSACredentials': 'D:\HEALTHY\Healthy_github_website\actions-runner\.credentials_rsaparams'
[2024-07-25 16:05:46Z INFO RSAEncryptedFileKeyManager] Deleting RSA key parameters file D:\HEALTHY\Healthy_github_website\actions-runner\.credentials_rsaparams
[2024-07-25 16:05:46Z INFO Terminal] WRITE LINE: 
[2024-07-25 16:05:46Z INFO Listener] Runner execution has finished with return code 0
